1600710551449	geckodriver	INFO	Listening on 127.0.0.1:64696
1600710554518	mozrunner::runner	INFO	Running command: "C:\\Program Files (x86)\\Mozilla Firefox\\firefox.exe" "--marionette" "-foreground" "-no-remote" "-profile" "C:\\Users\\user\\AppData\\Local\\Temp\\rust_mozprofileBsNh27"
JavaScript error: resource://gre/modules/XULStore.jsm, line 66: Error: Can't find profile directory.
console.error: SearchCache: "_readCacheFile: Error reading cache file:" (new Error("", "(unknown module)"))
1600710556410	Marionette	INFO	Listening on port 64704
1600710556562	Marionette	WARN	TLS certificate errors will be ignored for this session
1600710558599	Marionette	INFO	Stopped listening on port 64704

###!!! [Child][MessageChannel::SendAndWait] Error: Channel error: cannot send/recv

1600710597702	geckodriver	INFO	Listening on 127.0.0.1:64769
1600710600793	mozrunner::runner	INFO	Running command: "C:\\Program Files (x86)\\Mozilla Firefox\\firefox.exe" "--marionette" "-foreground" "-no-remote" "-profile" "C:\\Users\\user\\AppData\\Local\\Temp\\rust_mozprofileFPyxMZ"
JavaScript error: resource://gre/modules/XULStore.jsm, line 66: Error: Can't find profile directory.
console.error: SearchCache: "_readCacheFile: Error reading cache file:" (new Error("", "(unknown module)"))
1600710602637	Marionette	INFO	Listening on port 64777
1600710602829	Marionette	WARN	TLS certificate errors will be ignored for this session
JavaScript warning: https://addons-amo.cdn.mozilla.net/amo-90e301a1076517dd5267.js, line 1: Script terminated by timeout at:
fc@https://addons-amo.cdn.mozilla.net/amo-90e301a1076517dd5267.js:1:1360622
lc@https://addons-amo.cdn.mozilla.net/amo-90e301a1076517dd5267.js:1:1360440
cc@https://addons-amo.cdn.mozilla.net/amo-90e301a1076517dd5267.js:1:1360293
ec@https://addons-amo.cdn.mozilla.net/amo-90e301a1076517dd5267.js:1:1357323
Ko/<@https://addons-amo.cdn.mozilla.net/amo-90e301a1076517dd5267.js:1:1309030
t.unstable_runWithPriority@https://addons-amo.cdn.mozilla.net/amo-90e301a1076517dd5267.js:1:1383734
Wo@https://addons-amo.cdn.mozilla.net/amo-90e301a1076517dd5267.js:1:1308739
Ko@https://addons-amo.cdn.mozilla.net/amo-90e301a1076517dd5267.js:1:1308977
Yo@https://addons-amo.cdn.mozilla.net/amo-90e301a1076517dd5267.js:1:1308910
Xu@https://addons-amo.cdn.mozilla.net/amo-90e301a1076517dd5267.js:1:1354108
enqueueSetState@https://addons-amo.cdn.mozilla.net/amo-90e301a1076517dd5267.js:1:1312695
w.prototype.setState@https://addons-amo.cdn.mozilla.net/amo-90e301a1076517dd5267.js:1:1258834
j/</u</c.onStateChange@https://addons-amo.cdn.mozilla.net/amo-90e301a1076517dd5267.js:1:38737
notify@https://addons-amo.cdn.mozilla.net/amo-90e301a1076517dd5267.js:1:35416
O</t.notifyNestedSubs@https://addons-amo.cdn.mozilla.net/amo-90e301a1076517dd5267.js:1:35058
j/</u</c.onStateChange@https://addons-amo.cdn.mozilla.net/amo-90e301a1076517dd5267.js:1:38755
notify@https://addons-amo.cdn.mozilla.net/amo-90e301a1076517dd5267.js:1:35416
O</t.notifyNestedSubs@https://addons-amo.cdn.mozilla.net/amo-90e301a1076517dd5267.js:1:35058
j/</u</c.onStateChange@https://addons-amo.cdn.mozilla.net/amo-90e301a1076517dd5267.js:1:38755
notify@https://addons-amo.cdn.mozilla.net/amo-90e301a1076517dd5267.js:1:35416
O</t.notifyNestedSubs@https://addons-amo.cdn.mozilla.net/amo-90e301a1076517dd5267.js:1:35058
j/</u</c.onStateChange@https://addons-amo.cdn.mozilla.net/amo-90e301a1076517dd5267.js:1:38755
y@https://addons-amo.cdn.mozilla.net/amo-90e301a1076517dd5267.js:1:27001
i/</</<@https://addons-amo.cdn.mozilla.net/amo-90e301a1076517dd5267.js:1:1399531
u/</<@https://addons-amo.cdn.mozilla.net/amo-90e301a1076517dd5267.js:1:1721902
value/</</<@https://addons-amo.cdn.mozilla.net/amo-90e301a1076517dd5267.js:1:390086
r@https://addons-amo.cdn.mozilla.net/amo-90e301a1076517dd5267.js:1:344358
o@https://addons-amo.cdn.mozilla.net/amo-90e301a1076517dd5267.js:1:1228770

JavaScript error: resource://gre/modules/addonManager.js, line 256: NS_ERROR_NOT_INITIALIZED
JavaScript error: moz-extension://2f734ba0-f768-4a0f-9c14-8b744897d78b/onloadwff.js, line 71: TypeError: bg.get(...) is undefined
Extension error: TypeError: g_CS[e] is null moz-extension://2f734ba0-f768-4a0f-9c14-8b744897d78b/background.js 1
[[Exception stack
receiveCS@moz-extension://2f734ba0-f768-4a0f-9c14-8b744897d78b/background.js:1:71635
onconnect_listener</<@moz-extension://2f734ba0-f768-4a0f-9c14-8b744897d78b/background.js:1:63961
e@moz-extension://2f734ba0-f768-4a0f-9c14-8b744897d78b/lpfulllib.js:1:5220
Current stack
applySafeWithoutClone@resource://gre/modules/ExtensionCommon.jsm:619:13
addListener/asyncWithoutClone/<@resource://gre/modules/ExtensionCommon.jsm:2427:39
]]
JavaScript error: moz-extension://2f734ba0-f768-4a0f-9c14-8b744897d78b/onloadwff.js, line 71: TypeError: bg.get(...) is undefined
JavaScript error: moz-extension://2f734ba0-f768-4a0f-9c14-8b744897d78b/onloadwff.js, line 71: TypeError: bg.get(...) is undefined
JavaScript error: resource://gre/modules/ConduitsChild.jsm, line 108: Error: sendRemoveListener on closed conduit support@lastpass.com.412316860459
1600710656337	Marionette	INFO	Stopped listening on port 64777

###!!! [Child][RunMessage] Error: Channel closing: too late to send/recv, messages will be lost


###!!! [Child][MessageChannel::SendAndWait] Error: Channel error: cannot send/recv

1600710657745	geckodriver	INFO	Listening on 127.0.0.1:64911
1600710660837	mozrunner::runner	INFO	Running command: "C:\\Program Files (x86)\\Mozilla Firefox\\firefox.exe" "--marionette" "-foreground" "-no-remote" "-profile" "C:\\Users\\user\\AppData\\Local\\Temp\\rust_mozprofileB7jODN"
JavaScript error: resource://gre/modules/XULStore.jsm, line 66: Error: Can't find profile directory.
console.error: SearchCache: "_readCacheFile: Error reading cache file:" (new Error("", "(unknown module)"))
1600710662654	Marionette	INFO	Listening on port 64919
1600710662875	Marionette	WARN	TLS certificate errors will be ignored for this session
JavaScript error: resource://gre/modules/XULStore.jsm, line 66: Error: Can't find profile directory.
1600710692911	Marionette	INFO	Stopped listening on port 64919

###!!! [Child][RunMessage] Error: Channel closing: too late to send/recv, messages will be lost


###!!! [Child][MessageChannel::SendAndWait] Error: Channel error: cannot send/recv

1600710702391	geckodriver	INFO	Listening on 127.0.0.1:65002
1600710705477	mozrunner::runner	INFO	Running command: "C:\\Program Files (x86)\\Mozilla Firefox\\firefox.exe" "--marionette" "-foreground" "-no-remote" "-profile" "C:\\Users\\user\\AppData\\Local\\Temp\\rust_mozprofilegHMqNJ"
JavaScript error: resource://gre/modules/XULStore.jsm, line 66: Error: Can't find profile directory.
console.error: SearchCache: "_readCacheFile: Error reading cache file:" (new Error("", "(unknown module)"))
1600710707264	Marionette	INFO	Listening on port 65010
1600710707521	Marionette	WARN	TLS certificate errors will be ignored for this session
1600710712426	Marionette	INFO	Stopped listening on port 65010

###!!! [Child][RunMessage] Error: Channel closing: too late to send/recv, messages will be lost


###!!! [Child][MessageChannel::SendAndWait] Error: Channel error: cannot send/recv

1600710740542	geckodriver	INFO	Listening on 127.0.0.1:65066
1600710743639	mozrunner::runner	INFO	Running command: "C:\\Program Files (x86)\\Mozilla Firefox\\firefox.exe" "--marionette" "-foreground" "-no-remote" "-profile" "C:\\Users\\user\\AppData\\Local\\Temp\\rust_mozprofile76KPiZ"
JavaScript error: resource://gre/modules/XULStore.jsm, line 66: Error: Can't find profile directory.
console.error: SearchCache: "_readCacheFile: Error reading cache file:" (new Error("", "(unknown module)"))
1600710745441	Marionette	INFO	Listening on port 65074
1600710745674	Marionette	WARN	TLS certificate errors will be ignored for this session
JavaScript error: resource://gre/modules/XULStore.jsm, line 66: Error: Can't find profile directory.
1600710765538	Marionette	INFO	Stopped listening on port 65074

###!!! [Child][RunMessage] Error: Channel closing: too late to send/recv, messages will be lost


###!!! [Child][MessageChannel::SendAndWait] Error: Channel error: cannot send/recv

1600710818240	geckodriver	INFO	Listening on 127.0.0.1:65226
1600710821305	mozrunner::runner	INFO	Running command: "C:\\Program Files (x86)\\Mozilla Firefox\\firefox.exe" "--marionette" "-foreground" "-no-remote" "-profile" "C:\\Users\\user\\AppData\\Local\\Temp\\rust_mozprofile0PDxxx"
JavaScript error: resource://gre/modules/XULStore.jsm, line 66: Error: Can't find profile directory.
console.error: SearchCache: "_readCacheFile: Error reading cache file:" (new Error("", "(unknown module)"))
1600710823083	Marionette	INFO	Listening on port 65234
1600710823360	Marionette	WARN	TLS certificate errors will be ignored for this session
1600710845884	Marionette	INFO	Stopped listening on port 65234

###!!! [Child][RunMessage] Error: Channel closing: too late to send/recv, messages will be lost


###!!! [Child][MessageChannel::SendAndWait] Error: Channel error: cannot send/recv

1600710902292	geckodriver	INFO	Listening on 127.0.0.1:65315
1600710905380	mozrunner::runner	INFO	Running command: "C:\\Program Files (x86)\\Mozilla Firefox\\firefox.exe" "--marionette" "-foreground" "-no-remote" "-profile" "C:\\Users\\user\\AppData\\Local\\Temp\\rust_mozprofileGqxx9H"
JavaScript error: resource://gre/modules/XULStore.jsm, line 66: Error: Can't find profile directory.
console.error: SearchCache: "_readCacheFile: Error reading cache file:" (new Error("", "(unknown module)"))
1600710907167	Marionette	INFO	Listening on port 65324
1600710907440	Marionette	WARN	TLS certificate errors will be ignored for this session
1600710912136	Marionette	INFO	Stopped listening on port 65324

###!!! [Child][RunMessage] Error: Channel closing: too late to send/recv, messages will be lost


###!!! [Child][MessageChannel::SendAndWait] Error: Channel error: cannot send/recv

1600710954965	geckodriver	INFO	Listening on 127.0.0.1:65407
1600710958048	mozrunner::runner	INFO	Running command: "C:\\Program Files (x86)\\Mozilla Firefox\\firefox.exe" "--marionette" "-foreground" "-no-remote" "-profile" "C:\\Users\\user\\AppData\\Local\\Temp\\rust_mozprofile7D7rzJ"
JavaScript error: resource://gre/modules/XULStore.jsm, line 66: Error: Can't find profile directory.
console.error: SearchCache: "_readCacheFile: Error reading cache file:" (new Error("", "(unknown module)"))
1600710959876	Marionette	INFO	Listening on port 65415
1600710960078	Marionette	WARN	TLS certificate errors will be ignored for this session
1600711037601	Marionette	INFO	Stopped listening on port 65415

###!!! [Child][RunMessage] Error: Channel closing: too late to send/recv, messages will be lost


###!!! [Child][MessageChannel::SendAndWait] Error: Channel error: cannot send/recv

1600711119307	geckodriver	INFO	Listening on 127.0.0.1:49219
1600711122402	mozrunner::runner	INFO	Running command: "C:\\Program Files (x86)\\Mozilla Firefox\\firefox.exe" "--marionette" "-foreground" "-no-remote" "-profile" "C:\\Users\\user\\AppData\\Local\\Temp\\rust_mozprofilekKUITe"
JavaScript error: resource://gre/modules/XULStore.jsm, line 66: Error: Can't find profile directory.
console.error: SearchCache: "_readCacheFile: Error reading cache file:" (new Error("", "(unknown module)"))
1600711124229	Marionette	INFO	Listening on port 49227
1600711124458	Marionette	WARN	TLS certificate errors will be ignored for this session
1600711125623	Marionette	INFO	Stopped listening on port 49227

###!!! [Child][MessageChannel::SendAndWait] Error: Channel error: cannot send/recv

1600711134895	geckodriver	INFO	Listening on 127.0.0.1:49256
1600711137981	mozrunner::runner	INFO	Running command: "C:\\Program Files (x86)\\Mozilla Firefox\\firefox.exe" "--marionette" "-foreground" "-no-remote" "-profile" "C:\\Users\\user\\AppData\\Local\\Temp\\rust_mozprofileMghJj3"
JavaScript error: resource://gre/modules/XULStore.jsm, line 66: Error: Can't find profile directory.
console.error: SearchCache: "_readCacheFile: Error reading cache file:" (new Error("", "(unknown module)"))
1600711139781	Marionette	INFO	Listening on port 49264
1600711139994	Marionette	WARN	TLS certificate errors will be ignored for this session
1600711143399	Marionette	INFO	Stopped listening on port 49264

###!!! [Child][RunMessage] Error: Channel closing: too late to send/recv, messages will be lost


###!!! [Child][MessageChannel::SendAndWait] Error: Channel error: cannot send/recv

1600711177685	geckodriver	INFO	Listening on 127.0.0.1:49310
1600711180766	mozrunner::runner	INFO	Running command: "C:\\Program Files (x86)\\Mozilla Firefox\\firefox.exe" "--marionette" "-foreground" "-no-remote" "-profile" "C:\\Users\\user\\AppData\\Local\\Temp\\rust_mozprofile2opW4T"
JavaScript error: resource://gre/modules/XULStore.jsm, line 66: Error: Can't find profile directory.
console.error: SearchCache: "_readCacheFile: Error reading cache file:" (new Error("", "(unknown module)"))
1600711182502	Marionette	INFO	Listening on port 49318
1600711182805	Marionette	WARN	TLS certificate errors will be ignored for this session
1600711183806	Marionette	INFO	Stopped listening on port 49318

###!!! [Child][RunMessage] Error: Channel closing: too late to send/recv, messages will be lost


###!!! [Child][MessageChannel::SendAndWait] Error: Channel error: cannot send/recv

1600711234111	geckodriver	INFO	Listening on 127.0.0.1:49351
1600711327085	geckodriver	INFO	Listening on 127.0.0.1:49387
1600711330146	mozrunner::runner	INFO	Running command: "C:\\Program Files (x86)\\Mozilla Firefox\\firefox.exe" "--marionette" "-foreground" "-no-remote" "-profile" "C:\\Users\\user\\AppData\\Local\\Temp\\rust_mozprofile3uNvLt"
JavaScript error: resource://gre/modules/XULStore.jsm, line 66: Error: Can't find profile directory.
console.error: SearchCache: "_readCacheFile: Error reading cache file:" (new Error("", "(unknown module)"))
1600711331965	Marionette	INFO	Listening on port 49395
1600711332183	Marionette	WARN	TLS certificate errors will be ignored for this session
1600711341280	Marionette	INFO	Stopped listening on port 49395

###!!! [Child][RunMessage] Error: Channel closing: too late to send/recv, messages will be lost


###!!! [Child][MessageChannel::SendAndWait] Error: Channel error: cannot send/recv

1600711444088	geckodriver	INFO	Listening on 127.0.0.1:49453
1600711447173	mozrunner::runner	INFO	Running command: "C:\\Program Files (x86)\\Mozilla Firefox\\firefox.exe" "--marionette" "-foreground" "-no-remote" "-profile" "C:\\Users\\user\\AppData\\Local\\Temp\\rust_mozprofilewPa6Du"
JavaScript error: resource://gre/modules/XULStore.jsm, line 66: Error: Can't find profile directory.
console.error: SearchCache: "_readCacheFile: Error reading cache file:" (new Error("", "(unknown module)"))
1600711448895	Marionette	INFO	Listening on port 49461
1600711449209	Marionette	WARN	TLS certificate errors will be ignored for this session
1600711511350	Marionette	INFO	Stopped listening on port 49461

###!!! [Child][RunMessage] Error: Channel closing: too late to send/recv, messages will be lost


###!!! [Child][MessageChannel::SendAndWait] Error: Channel error: cannot send/recv

1600711615378	geckodriver	INFO	Listening on 127.0.0.1:49549
1600711618466	mozrunner::runner	INFO	Running command: "C:\\Program Files (x86)\\Mozilla Firefox\\firefox.exe" "--marionette" "-foreground" "-no-remote" "-profile" "C:\\Users\\user\\AppData\\Local\\Temp\\rust_mozprofilekQ3KKt"
JavaScript error: resource://gre/modules/XULStore.jsm, line 66: Error: Can't find profile directory.
console.error: SearchCache: "_readCacheFile: Error reading cache file:" (new Error("", "(unknown module)"))
1600711620329	Marionette	INFO	Listening on port 49557
1600711620487	Marionette	WARN	TLS certificate errors will be ignored for this session
1600711624230	Marionette	INFO	Stopped listening on port 49557

###!!! [Child][RunMessage] Error: Channel closing: too late to send/recv, messages will be lost


###!!! [Child][MessageChannel::SendAndWait] Error: Channel error: cannot send/recv

1600711641430	geckodriver	INFO	Listening on 127.0.0.1:49588
1600711644500	mozrunner::runner	INFO	Running command: "C:\\Program Files (x86)\\Mozilla Firefox\\firefox.exe" "--marionette" "-foreground" "-no-remote" "-profile" "C:\\Users\\user\\AppData\\Local\\Temp\\rust_mozprofileWNkAka"
JavaScript error: resource://gre/modules/XULStore.jsm, line 66: Error: Can't find profile directory.
console.error: SearchCache: "_readCacheFile: Error reading cache file:" (new Error("", "(unknown module)"))
1600711646284	Marionette	INFO	Listening on port 49597
1600711646530	Marionette	WARN	TLS certificate errors will be ignored for this session
1600711688672	Marionette	INFO	Stopped listening on port 49597

###!!! [Child][RunMessage] Error: Channel closing: too late to send/recv, messages will be lost


###!!! [Child][MessageChannel::SendAndWait] Error: Channel error: cannot send/recv

1600711760876	geckodriver	INFO	Listening on 127.0.0.1:49675
1600711763954	mozrunner::runner	INFO	Running command: "C:\\Program Files (x86)\\Mozilla Firefox\\firefox.exe" "--marionette" "-foreground" "-no-remote" "-profile" "C:\\Users\\user\\AppData\\Local\\Temp\\rust_mozprofile6E7BsQ"
JavaScript error: resource://gre/modules/XULStore.jsm, line 66: Error: Can't find profile directory.
console.error: SearchCache: "_readCacheFile: Error reading cache file:" (new Error("", "(unknown module)"))
1600711765696	Marionette	INFO	Listening on port 49684
1600711766000	Marionette	WARN	TLS certificate errors will be ignored for this session
1600711818602	Marionette	INFO	Stopped listening on port 49684

###!!! [Child][RunMessage] Error: Channel closing: too late to send/recv, messages will be lost


###!!! [Child][MessageChannel::SendAndWait] Error: Channel error: cannot send/recv

cal\\Temp\\rust_mozprofileQ4eltF"
JavaScript error: resource://gre/modules/XULStore.jsm, line 66: Error: Can't find profile directory.
console.error: SearchCache: "_readCacheFile: Error reading cache file:" (new Error("", "(unknown module)"))
1600711819654	Marionette	INFO	Listening on port 49768
1600711819951	Marionette	WARN	TLS certificate errors will be ignored for this session
1600712078808	Marionette	INFO	Stopped listening on port 49768

###!!! [Child][MessageChannel::SendAndWait] Error: Channel error: cannot send/recv

efox\\firefox.exe" "--marionette" "-foreground" "-no-remote" "-profile" "C:\\Users\\user\\AppData\\Local\\Temp\\rust_mozprofileIR4LZ4"
JavaScript error: resource://gre/modules/XULStore.jsm, line 66: Error: Can't find profile directory.
console.error: SearchCache: "_readCacheFile: Error reading cache file:" (new Error("", "(unknown module)"))
1600711999380	Marionette	INFO	Listening on port 49831
1600711999634	Marionette	WARN	TLS certificate errors will be ignored for this session
1600712004905	Marionette	INFO	Stopped listening on port 49831

###!!! [Child][RunMessage] Error: Channel closing: too late to send/recv, messages will be lost


###!!! [Child][MessageChannel::SendAndWait] Error: Channel error: cannot send/recv

1600712091678	geckodriver	INFO	Listening on 127.0.0.1:49902
1600712094763	mozrunner::runner	INFO	Running command: "C:\\Program Files (x86)\\Mozilla Firefox\\firefox.exe" "--marionette" "-foreground" "-no-remote" "-profile" "C:\\Users\\user\\AppData\\Local\\Temp\\rust_mozprofile7imaIO"
JavaScript error: resource://gre/modules/XULStore.jsm, line 66: Error: Can't find profile directory.
console.error: SearchCache: "_readCacheFile: Error reading cache file:" (new Error("", "(unknown module)"))
1600712096528	Marionette	INFO	Listening on port 49911
1600712096792	Marionette	WARN	TLS certificate errors will be ignored for this session
1600712354591	geckodriver	INFO	Listening on 127.0.0.1:49974
1600712357696	mozrunner::runner	INFO	Running command: "C:\\Program Files (x86)\\Mozilla Firefox\\firefox.exe" "--marionette" "-foreground" "-no-remote" "-profile" "C:\\Users\\user\\AppData\\Local\\Temp\\rust_mozprofileictmIW"
JavaScript error: resource://gre/modules/XULStore.jsm, line 66: Error: Can't find profile directory.
console.error: SearchCache: "_readCacheFile: Error reading cache file:" (new Error("", "(unknown module)"))
1600712359499	Marionette	INFO	Listening on port 49983
1600712359746	Marionette	WARN	TLS certificate errors will be ignored for this session
1600712378310	Marionette	INFO	Stopped listening on port 49983

###!!! [Child][RunMessage] Error: Channel closing: too late to send/recv, messages will be lost


###!!! [Child][MessageChannel::SendAndWait] Error: Channel error: cannot send/recv

1600712498963	geckodriver	INFO	Listening on 127.0.0.1:50042
1600712502042	mozrunner::runner	INFO	Running command: "C:\\Program Files (x86)\\Mozilla Firefox\\firefox.exe" "--marionette" "-foreground" "-no-remote" "-profile" "C:\\Users\\user\\AppData\\Local\\Temp\\rust_mozprofilej0yRpI"
JavaScript error: resource://gre/modules/XULStore.jsm, line 66: Error: Can't find profile directory.
console.error: SearchCache: "_readCacheFile: Error reading cache file:" (new Error("", "(unknown module)"))
1600712503817	Marionette	INFO	Listening on port 50055
1600712504097	Marionette	WARN	TLS certificate errors will be ignored for this session
1600712512737	Marionette	INFO	Stopped listening on port 50055

###!!! [Child][RunMessage] Error: Channel closing: too late to send/recv, messages will be lost


###!!! [Child][MessageChannel::SendAndWait] Error: Channel error: cannot send/recv

1600712535384	geckodriver	INFO	Listening on 127.0.0.1:50097
1600712538468	mozrunner::runner	INFO	Running command: "C:\\Program Files (x86)\\Mozilla Firefox\\firefox.exe" "--marionette" "-foreground" "-no-remote" "-profile" "C:\\Users\\user\\AppData\\Local\\Temp\\rust_mozprofileAqnUFf"
JavaScript error: resource://gre/modules/XULStore.jsm, line 66: Error: Can't find profile directory.
console.error: SearchCache: "_readCacheFile: Error reading cache file:" (new Error("", "(unknown module)"))
1600712540262	Marionette	INFO	Listening on port 50105
1600712540510	Marionette	WARN	TLS certificate errors will be ignored for this session
1600712554561	Marionette	INFO	Stopped listening on port 50105

###!!! [Child][RunMessage] Error: Channel closing: too late to send/recv, messages will be lost


###!!! [Child][MessageChannel::SendAndWait] Error: Channel error: cannot send/recv

1600712560901	geckodriver	INFO	Listening on 127.0.0.1:50148
1600712563998	mozrunner::runner	INFO	Running command: "C:\\Program Files (x86)\\Mozilla Firefox\\firefox.exe" "--marionette" "-foreground" "-no-remote" "-profile" "C:\\Users\\user\\AppData\\Local\\Temp\\rust_mozprofileQQTkds"
JavaScript error: resource://gre/modules/XULStore.jsm, line 66: Error: Can't find profile directory.
console.error: SearchCache: "_readCacheFile: Error reading cache file:" (new Error("", "(unknown module)"))
1600712565826	Marionette	INFO	Listening on port 50156
1600712566034	Marionette	WARN	TLS certificate errors will be ignored for this session
1600712601158	Marionette	INFO	Stopped listening on port 50156

###!!! [Child][RunMessage] Error: Channel closing: too late to send/recv, messages will be lost


###!!! [Child][MessageChannel::SendAndWait] Error: Channel error: cannot send/recv

1600712820047	geckodriver	INFO	Listening on 127.0.0.1:50240
1600712823133	mozrunner::runner	INFO	Running command: "C:\\Program Files (x86)\\Mozilla Firefox\\firefox.exe" "--marionette" "-foreground" "-no-remote" "-profile" "C:\\Users\\user\\AppData\\Local\\Temp\\rust_mozprofileYKASbc"
JavaScript error: resource://gre/modules/XULStore.jsm, line 66: Error: Can't find profile directory.
console.error: SearchCache: "_readCacheFile: Error reading cache file:" (new Error("", "(unknown module)"))
1600712824926	Marionette	INFO	Listening on port 50248
1600712825169	Marionette	WARN	TLS certificate errors will be ignored for this session
1600712841837	Marionette	INFO	Stopped listening on port 50248

###!!! [Child][MessageChannel::SendAndWait] Error: Channel error: cannot send/recv

1600712913760	geckodriver	INFO	Listening on 127.0.0.1:50291
1600712916831	mozrunner::runner	INFO	Running command: "C:\\Program Files (x86)\\Mozilla Firefox\\firefox.exe" "--marionette" "-foreground" "-no-remote" "-profile" "C:\\Users\\user\\AppData\\Local\\Temp\\rust_mozprofileKAleGD"
JavaScript error: resource://gre/modules/XULStore.jsm, line 66: Error: Can't find profile directory.
console.error: SearchCache: "_readCacheFile: Error reading cache file:" (new Error("", "(unknown module)"))
1600712918616	Marionette	INFO	Listening on port 50299
1600712918866	Marionette	WARN	TLS certificate errors will be ignored for this session
JavaScript error: https://moodle.cpce-polyu.edu.hk/theme/yui_combo.php?rollup/3.17.2/yui-moodlesimple-min.js, line 49: SyntaxError: Element.querySelectorAll: '[id="container {
padding-left:0px
} "]' is not a valid selector
JavaScript error: https://moodle.cpce-polyu.edu.hk/theme/yui_combo.php?rollup/3.17.2/yui-moodlesimple-min.js, line 49: SyntaxError: Document.querySelectorAll: '[id="container {
padding-left:0px
} "]' is not a valid selector
1600713027417	Marionette	INFO	Stopped listening on port 50291600713028900	mozrunner::runner	INFO	Running command: "C:\\Program Files (x86)\\Mozilla Firefox\\firefox.exe" "--marionette" "-foreground" "-no-remote" "-profile" "C:\\Users\\user\\AppData\\Local\\Temp\\rust_mozprofileaBIhNx"
JavaScript error: resource://gre/modules/XULStore.jsm, line 66: Error: Can't find profile directory.
console.error: SearchCache: "_readCacheFile: Error reading cache file:" (new Error("", "(unknown module)"))
1600713030650	Marionette	INFO	Listening on port 50380
1600713030945	Marionette	WARN	TLS certificate errors will be ignored for this session
JavaScript error: resource://devtools/client/inspector/rules/utils/utils.js, line 192: TypeError: rule is undefined
JavaScript error: resource://devtools/client/inspector/rules/utils/utils.js, line 192: TypeError: rule is undefined
JavaScript error: resource://devtools/client/inspector/rules/utils/utils.js, line 192: TypeError: rule is undefined
1600713243502	Marionette	INFO	Stopped listening on port 50380

###!!! [Child][RunMessage] Error: Channel closing: too late to send/recv, messages will be lost


###!!! [Child][MessageChannel::SendAndWait] Error: Channel error: cannot send/recv

cal\\Temp\\rust_mozprofileZc7pqD"
JavaScript error: resource://gre/modules/XULStore.jsm, line 66: Error: Can't find profile directory.
console.error: SearchCache: "_readCacheFile: Error reading cache file:" (new Error("", "(unknown module)"))
1600713242563	Marionette	INFO	Listening on port 50449
1600713242738	Marionette	WARN	TLS certificate errors will be ignored for this session
1600713259562	Marionette	INFO	Stopped listening on port 50449

###!!! [Child][RunMessage] Error: Channel closing: too late to send/recv, messages will be lost


###!!! [Child][MessageChannel::SendAndWait] Error: Channel error: cannot send/recv

1600713524601	geckodriver	INFO	Listening on 127.0.0.1:50690
1600713527682	mozrunner::runner	INFO	Running command: "C:\\Program Files (x86)\\Mozilla Firefox\\firefox.exe" "--marionette" "-foreground" "-no-remote" "-profile" "C:\\Users\\user\\AppData\\Local\\Temp\\rust_mozprofilet9nizK"
JavaScript error: resource://gre/modules/XULStore.jsm, line 66: Error: Can't find profile directory.
console.error: SearchCache: "_readCacheFile: Error reading cache file:" (new Error("", "(unknown module)"))
1600713529440	Marionette	INFO	Listening on port 50699
1600713529739	Marionette	WARN	TLS certificate errors will be ignored for this session
1600713544997	Marionette	INFO	Stopped listening on port 50699

###!!! [Child][RunMessage] Error: Channel closing: too late to send/recv, messages will be lost


###!!! [Child][MessageChannel::SendAndWait] Error: Channel error: cannot send/recv

1600713578875	geckodriver	INFO	Listening on 127.0.0.1:50789
1600713581944	mozrunner::runner	INFO	Running command: "C:\\Program Files (x86)\\Mozilla Firefox\\firefox.exe" "--marionette" "-foreground" "-no-remote" "-profile" "C:\\Users\\user\\AppData\\Local\\Temp\\rust_mozprofileWqA37z"
JavaScript error: resource://gre/modules/XULStore.jsm, line 66: Error: Can't find profile directory.
console.error: SearchCache: "_readCacheFile: Error reading cache file:" (new Error("", "(unknown module)"))
1600713583855	Marionette	INFO	Listening on port 50800
1600713583988	Marionette	WARN	TLS certificate errors will be ignored for this session
1600713597424	Marionette	INFO	Stopped listening on port 50800

###!!! [Child][MessageChannel::SendAndWait] Error: Channel error: cannot send/recv

1600713631303	geckodriver	INFO	Listening on 127.0.0.1:50909
1600713634379	mozrunner::runner	INFO	Running command: "C:\\Program Files (x86)\\Mozilla Firefox\\firefox.exe" "--marionette" "-foreground" "-no-remote" "-profile" "C:\\Users\\user\\AppData\\Local\\Temp\\rust_mozprofile1OhPYu"
JavaScript error: resource://gre/modules/XULStore.jsm, line 66: Error: Can't find profile directory.
console.error: SearchCache: "_readCacheFile: Error reading cache file:" (new Error("", "(unknown module)"))
1600713636167	Marionette	INFO	Listening on port 50918
1600713636412	Marionette	WARN	TLS certificate errors will be ignored for this session
1600713661374	Marionette	INFO	Stopped listening on port 50918

###!!! [Child][RunMessage] Error: Channel closing: too late to send/recv, messages will be lost


###!!! [Child][MessageChannel::SendAndWait] Error: Channel error: cannot send/recv

1600713686512	geckodriver	INFO	Listening on 127.0.0.1:51012
1600713689565	mozrunner::runner	INFO	Running command: "C:\\Program Files (x86)\\Mozilla Firefox\\firefox.exe" "--marionette" "-foreground" "-no-remote" "-profile" "C:\\Users\\user\\AppData\\Local\\Temp\\rust_mozprofileVO45Kc"
JavaScript error: resource://gre/modules/XULStore.jsm, line 66: Error: Can't find profile directory.
console.error: SearchCache: "_readCacheFile: Error reading cache file:" (new Error("", "(unknown module)"))
1600713691346	Marionette	INFO	Listening on port 51022
1600713691607	Marionette	WARN	TLS certificate errors will be ignored for this session
console.error: "Error while calling actor 'domwalker's method 'watchRootNode'" "can't access dead object"
console.error: "_isRootDocumentReady@resource://devtools/server/actors/inspector/walker.js:405:30\nwatchRootNode@resource://devtools/server/actors/inspector/walker.js:384:31\nhandler@resource://devtools/shared/protocol/Actor.js:162:37\nonPacket@resource://devtools/server/devtools-server-connection.js:379:58\nreceiveMessage@resource://devtools/shared/transport/child-transport.js:66:16\n"
console.error: (new Error("Protocol error (TypeError): can't access dead object from: server0.conn0.child2/domwalker24 (resource://devtools/server/actors/inspector/walker.js:405:30)", "resource://devtools/shared/protocol/Front.js", 323))

###!!! [Child][RunMessage] Error: Channel closing: too late to send/recv, messages will be lost

ing command: "C:\\Program Files (x86)\\Mozilla Firefox\\firefox.exe" "--marionette" "-foreground" "-no-remote" "-profile" "C:\\Users\\user\\AppData\\Local\\Temp\\rust_mozprofilen8zYcC"
JavaScript error: resource://gre/modules/XULStore.jsm, line 66: Error: Can't find profile directory.
console.error: SearchCache: "_readCacheFile: Error reading cache file:" (new Error("", "(unknown module)"))
1600714323952	Marionette	INFO	Listening on port 51455
1600714324188	Marionette	WARN	TLS certificate errors will be ignored for this session
1600714348294	Marionette	INFO	Stopped listening on port 51451600714349658	mozrunner::runner	INFO	Running command: "C:\\Program Files (x86)\\Mozilla Firefox\\firefox.exe" "--marionette" "-foreground" "-no-remote" "-profile" "C:\\Users\\user\\AppData\\Local\\Temp\\rust_mozprofilepjGu9r"
JavaScript error: resource://gre/modules/XULStore.jsm, line 66: Error: Can't find profile directory.
console.error: SearchCache: "_readCacheFile: Error reading cache file:" (new Error("", "(unknown module)"))
1600714351484	Marionette	INFO	Listening on port 51523
1600714351699	Marionette	WARN	TLS certificate errors will be ignored for this session
1600758686361	Marionette	INFO	Stopped listening on port 51523

###!!! [Child][MessageChannel::SendAndWait] Error: Channel error: cannot send/recv

efox\\firefox.exe" "--marionette" "-foreground" "-no-remote" "-profile" "C:\\Users\\user\\AppData\\Local\\Temp\\rust_mozprofile5vruV6"
JavaScript error: resource://gre/modules/XULStore.jsm, line 66: Error: Can't find profile directory.
console.error: SearchCache: "_readCacheFile: Error reading cache file:" (new Error("", "(unknown module)"))
1600714480884	Marionette	INFO	Listening on port 51802
1600714480995	Marionette	WARN	TLS certificate errors will be ignored for this session
1600758636925	Marionette	INFO	Stopped listening on port 51802

###!!! [Child][RunMessage] Error: Channel closing: too late to send/recv, messages will be lost


###!!! [Child][MessageChannel::SendAndWait] Error: Channel error: cannot send/recv

1600758661911	geckodriver	INFO	Listening on 127.0.0.1:59220
1600758665009	mozrunner::runner	INFO	Running command: "C:\\Program Files (x86)\\Mozilla Firefox\\firefox.exe" "--marionette" "-foreground" "-no-remote" "-profile" "C:\\Users\\user\\AppData\\Local\\Temp\\rust_mozprofilefBgVlr"
JavaScript error: resource://gre/modules/XULStore.jsm, line 66: Error: Can't find profile directory.
console.error: SearchCache: "_readCacheFile: Error reading cache file:" (new Error("", "(unknown module)"))
1600758667012	Marionette	INFO	Listening on port 59231
1600758667052	Marionette	WARN	TLS certificate errors will be ignored for this session
1600758684744	Marionette	INFO	Stopped listening on port 59231

###!!! [Child][RunMessage] Error: Channel closing: too late to send/recv, messages will be lost


###!!! [Child][MessageChannel::SendAndWait] Error: Channel error: cannot send/recv

1600785720793	geckodriver	INFO	Listening on 127.0.0.1:56901
1600785723895	mozrunner::runner	INFO	Running command: "C:\\Program Files (x86)\\Mozilla Firefox\\firefox.exe" "--marionette" "-foreground" "-no-remote" "-profile" "C:\\Users\\user\\AppData\\Local\\Temp\\rust_mozprofileGPcA3I"
JavaScript error: resource://gre/modules/XULStore.jsm, line 66: Error: Can't find profile directory.
console.error: SearchCache: "_readCacheFile: Error reading cache file:" (new Error("", "(unknown module)"))
1600785726603	Marionette	INFO	Listening on port 56910
1600785727072	Marionette	WARN	TLS certificate errors will be ignored for this session
1600792341641	Marionette	INFO	Stopped listening on port 56910

###!!! [Child][RunMessage] Error: Channel closing: too late to send/recv, messages will be lost


###!!! [Child][MessageChannel::SendAndWait] Error: Channel error: cannot send/recv

cal\\Temp\\rust_mozprofileZv5UUK"
JavaScript error: resource://gre/modules/XULStore.jsm, line 66: Error: Can't find profile directory.
console.error: SearchCache: "_readCacheFile: Error reading cache file:" (new Error("", "(unknown module)"))
1600786350201	Marionette	INFO	Listening on port 57059
1600786350447	Marionette	WARN	TLS certificate errors will be ignored for this session
1600786367340	Marionette	INFO	Stopped listening on port 57059

###!!! [Child][MessageChannel::SendAndWait] Error: Channel error: cannot send/recv

1600786391446	geckodriver	INFO	Listening on 127.0.0.1:57112
1600786394506	mozrunner::runner	INFO	Running command: "C:\\Program Files (x86)\\Mozilla Firefox\\firefox.exe" "--marionette" "-foreground" "-no-remote" "-profile" "C:\\Users\\user\\AppData\\Local\\Temp\\rust_mozprofilepThg0w"
JavaScript error: resource://gre/modules/XULStore.jsm, line 66: Error: Can't find profile directory.
console.error: SearchCache: "_readCacheFile: Error reading cache file:" (new Error("", "(unknown module)"))
1600786396306	Marionette	INFO	Listening on port 57120
1600786396547	Marionette	WARN	TLS certificate errors will be ignored for this session
1600786412039	Marionette	INFO	Stopped listening on port 57120

###!!! [Child][RunMessage] Error: Channel closing: too late to send/recv, messages will be lost


###!!! [Child][MessageChannel::SendAndWait] Error: Channel error: cannot send/recv

1600786752756	geckodriver	INFO	Listening on 127.0.0.1:57223
1600786755848	mozrunner::runner	INFO	Running command: "C:\\Program Files (x86)\\Mozilla Firefox\\firefox.exe" "--marionette" "-foreground" "-no-remote" "-profile" "C:\\Users\\user\\AppData\\Local\\Temp\\rust_mozprofilelcjDct"
JavaScript error: resource://gre/modules/XULStore.jsm, line 66: Error: Can't find profile directory.
console.error: SearchCache: "_readCacheFile: Error reading cache file:" (new Error("", "(unknown module)"))
1600786757678	Marionette	INFO	Listening on port 57231
1600786757888	Marionette	WARN	TLS certificate errors will be ignored for this session
1600786781133	Marionette	INFO	Stopped listening on port 57231

###!!! [Child][RunMessage] Error: Channel closing: too late to send/recv, messages will be lost


###!!! [Child][MessageChannel::SendAndWait] Error: Channel error: cannot send/recv

1600787346446	geckodriver	INFO	Listening on 127.0.0.1:57365
1600787349549	mozrunner::runner	INFO	Running command: "C:\\Program Files (x86)\\Mozilla Firefox\\firefox.exe" "--marionette" "-foreground" "-no-remote" "-profile" "C:\\Users\\user\\AppData\\Local\\Temp\\rust_mozprofilerL01Qi"
JavaScript error: resource://gre/modules/XULStore.jsm, line 66: Error: Can't find profile directory.
console.error: SearchCache: "_readCacheFile: Error reading cache file:" (new Error("", "(unknown module)"))
1600787351401	Marionette	INFO	Listening on port 57373
1600787351595	Marionette	WARN	TLS certificate errors will be ignored for this session
1600787375908	Marionette	INFO	Stopped listening on port 57373

###!!! [Child][RunMessage] Error: Channel closing: too late to send/recv, messages will be lost


###!!! [Child][MessageChannel::SendAndWait] Error: Channel error: cannot send/recv

1600787388821	geckodriver	INFO	Listening on 127.0.0.1:57424
1600787391920	mozrunner::runner	INFO	Running command: "C:\\Program Files (x86)\\Mozilla Firefox\\firefox.exe" "--marionette" "-foreground" "-no-remote" "-profile" "C:\\Users\\user\\AppData\\Local\\Temp\\rust_mozprofilexAoVIH"
JavaScript error: resource://gre/modules/XULStore.jsm, line 66: Error: Can't find profile directory.
console.error: SearchCache: "_readCacheFile: Error reading cache file:" (new Error("", "(unknown module)"))
1600787393689	Marionette	INFO	Listening on port 57432
1600787393975	Marionette	WARN	TLS certificate errors will be ignored for this session
1600787409857	Marionette	INFO	Stopped listening on port 57432

###!!! [Child][RunMessage] Error: Channel closing: too late to send/recv, messages will be lost


###!!! [Child][MessageChannel::SendAndWait] Error: Channel error: cannot send/recv

1600787508219	geckodriver	INFO	Listening on 127.0.0.1:57543
1600787511311	mozrunner::runner	INFO	Running command: "C:\\Program Files (x86)\\Mozilla Firefox\\firefox.exe" "--marionette" "-foreground" "-no-remote" "-profile" "C:\\Users\\user\\AppData\\Local\\Temp\\rust_mozprofilep06heL"
JavaScript error: resource://gre/modules/XULStore.jsm, line 66: Error: Can't find profile directory.
console.error: SearchCache: "_readCacheFile: Error reading cache file:" (new Error("", "(unknown module)"))
1600787513179	Marionette	INFO	Listening on port 57551
1600787513351	Marionette	WARN	TLS certificate errors will be ignored for this session
1600787530330	Marionette	INFO	Stopped listening on port 57551

###!!! [Child][RunMessage] Error: Channel closing: too late to send/recv, messages will be lost


###!!! [Child][MessageChannel::SendAndWait] Error: Channel error: cannot send/recv

1600787655476	geckodriver	INFO	Listening on 127.0.0.1:57612
1600787658535	mozrunner::runner	INFO	Running command: "C:\\Program Files (x86)\\Mozilla Firefox\\firefox.exe" "--marionette" "-foreground" "-no-remote" "-profile" "C:\\Users\\user\\AppData\\Local\\Temp\\rust_mozprofileAkyHME"
JavaScript error: resource://gre/modules/XULStore.jsm, line 66: Error: Can't find profile directory.
console.error: SearchCache: "_readCacheFile: Error reading cache file:" (new Error("", "(unknown module)"))
1600787660307	Marionette	INFO	Listening on port 57620
1600787660586	Marionette	WARN	TLS certificate errors will be ignored for this session
1600787674909	Marionette	INFO	Stopped listening on port 57620

###!!! [Child][RunMessage] Error: Channel closing: too late to send/recv, messages will be lost


###!!! [Child][MessageChannel::SendAndWait] Error: Channel error: cannot send/recv

1600787805561	geckodriver	INFO	Listening on 127.0.0.1:57700
1600787808641	mozrunner::runner	INFO	Running command: "C:\\Program Files (x86)\\Mozilla Firefox\\firefox.exe" "--marionette" "-foreground" "-no-remote" "-profile" "C:\\Users\\user\\AppData\\Local\\Temp\\rust_mozprofileQhWKYJ"
JavaScript error: resource://gre/modules/XULStore.jsm, line 66: Error: Can't find profile directory.
console.error: SearchCache: "_readCacheFile: Error reading cache file:" (new Error("", "(unknown module)"))
1600787810419	Marionette	INFO	Listening on port 57712
1600787810681	Marionette	WARN	TLS certificate errors will be ignored for this session
1600787824399	Marionette	INFO	Stopped listening on port 57712

###!!! [Child][RunMessage] Error: Channel closing: too late to send/recv, messages will be lost


###!!! [Child][MessageChannel::SendAndWait] Error: Channel error: cannot send/recv

1600787835476	geckodriver	INFO	Listening on 127.0.0.1:57757
1600787838562	mozrunner::runner	INFO	Running command: "C:\\Program Files (x86)\\Mozilla Firefox\\firefox.exe" "--marionette" "-foreground" "-no-remote" "-profile" "C:\\Users\\user\\AppData\\Local\\Temp\\rust_mozprofileeXtB3z"
JavaScript error: resource://gre/modules/XULStore.jsm, line 66: Error: Can't find profile directory.
console.error: SearchCache: "_readCacheFile: Error reading cache file:" (new Error("", "(unknown module)"))
1600787840320	Marionette	INFO	Listening on port 57765
1600787840614	Marionette	WARN	TLS certificate errors will be ignored for this session
1600787860511	Marionette	INFO	Stopped listening on port 57765

###!!! [Child][RunMessage] Error: Channel closing: too late to send/recv, messages will be lost


###!!! [Child][MessageChannel::SendAndWait] Error: Channel error: cannot send/recv

1600787904839	geckodriver	INFO	Listening on 127.0.0.1:57815
1600787907924	mozrunner::runner	INFO	Running command: "C:\\Program Files (x86)\\Mozilla Firefox\\firefox.exe" "--marionette" "-foreground" "-no-remote" "-profile" "C:\\Users\\user\\AppData\\Local\\Temp\\rust_mozprofileWPW3f6"
JavaScript error: resource://gre/modules/XULStore.jsm, line 66: Error: Can't find profile directory.
console.error: SearchCache: "_readCacheFile: Error reading cache file:" (new Error("", "(unknown module)"))
1600787909714	Marionette	INFO	Listening on port 57823
1600787909963	Marionette	WARN	TLS certificate errors will be ignored for this session
1600787920946	Marionette	INFO	Stopped listening on port 57823

###!!! [Child][MessageChannel::SendAndWait] Error: Channel error: cannot send/recv

1600788339776	geckodriver	INFO	Listening on 127.0.0.1:57914
1600788342870	mozrunner::runner	INFO	Running command: "C:\\Program Files (x86)\\Mozilla Firefox\\firefox.exe" "--marionette" "-foreground" "-no-remote" "-profile" "C:\\Users\\user\\AppData\\Local\\Temp\\rust_mozprofileM0jT53"
JavaScript error: resource://gre/modules/XULStore.jsm, line 66: Error: Can't find profile directory.
console.error: SearchCache: "_readCacheFile: Error reading cache file:" (new Error("", "(unknown module)"))
1600788344728	Marionette	INFO	Listening on port 57927
1600788344925	Marionette	WARN	TLS certificate errors will be ignored for this session
1600789110618	Marionette	INFO	Stopped listening on port 57927

###!!! [Child][RunMessage] Error: Channel closing: too late to send/recv, messages will be lost


###!!! [Child][MessageChannel::SendAndWait] Error: Channel error: cannot send/recv

cal\\Temp\\rust_mozprofileehJLwm"
JavaScript error: resource://gre/modules/XULStore.jsm, line 66: Error: Can't find profile directory.
console.error: SearchCache: "_readCacheFile: Error reading cache file:" (new Error("", "(unknown module)"))
1600789066008	Marionette	INFO	Listening on port 58120
1600789066157	Marionette	WARN	TLS certificate errors will be ignored for this session
1600789109427	Marionette	INFO	Stopped listening on port 58120

###!!! [Child][RunMessage] Error: Channel closing: too late to send/recv, messages will be lost


###!!! [Child][MessageChannel::SendAndWait] Error: Channel error: cannot send/recv

1600789139805	geckodriver	INFO	Listening on 127.0.0.1:58172
1600789142862	mozrunner::runner	INFO	Running command: "C:\\Program Files (x86)\\Mozilla Firefox\\firefox.exe" "--marionette" "-foreground" "-no-remote" "-profile" "C:\\Users\\user\\AppData\\Local\\Temp\\rust_mozprofile7MPnMf"
JavaScript error: resource://gre/modules/XULStore.jsm, line 66: Error: Can't find profile directory.
console.error: SearchCache: "_readCacheFile: Error reading cache file:" (new Error("", "(unknown module)"))
1600789144694	Marionette	INFO	Listening on port 58180
1600789144903	Marionette	WARN	TLS certificate errors will be ignored for this session
1600789157086	Marionette	INFO	Stopped listening on port 58180

###!!! [Child][RunMessage] Error: Channel closing: too late to send/recv, messages will be lost


###!!! [Child][MessageChannel::SendAndWait] Error: Channel error: cannot send/recv

1600789486114	geckodriver	INFO	Listening on 127.0.0.1:58293
1600789489187	mozrunner::runner	INFO	Running command: "C:\\Program Files (x86)\\Mozilla Firefox\\firefox.exe" "--marionette" "-foreground" "-no-remote" "-profile" "C:\\Users\\user\\AppData\\Local\\Temp\\rust_mozprofileNjzv50"
JavaScript error: resource://gre/modules/XULStore.jsm, line 66: Error: Can't find profile directory.
console.error: SearchCache: "_readCacheFile: Error reading cache file:" (new Error("", "(unknown module)"))
1600789491025	Marionette	INFO	Listening on port 58301
1600789491238	Marionette	WARN	TLS certificate errors will be ignored for this session
1600790628962	Marionette	INFO	Stopped listening on port 58301

###!!! [Child][MessageChannel::SendAndWait] Error: Channel error: cannot send/recv

efox\\firefox.exe" "--marionette" "-foreground" "-no-remote" "-profile" "C:\\Users\\user\\AppData\\Local\\Temp\\rust_mozprofilev3EbqV"
JavaScript error: resource://gre/modules/XULStore.jsm, line 66: Error: Can't find profile directory.
console.error: SearchCache: "_readCacheFile: Error reading cache file:" (new Error("", "(unknown module)"))
1600790178071	Marionette	INFO	Listening on port 58567
1600790178355	Marionette	WARN	TLS certificate errors will be ignored for this session
1600790688031	Marionette	INFO	Stopped listening on port 58567

###!!! [Child][RunMessage] Error: Channel closing: too late to send/recv, messages will be lost


###!!! [Child][MessageChannel::SendAndWait] Error: Channel error: cannot send/recv

1600790740196	geckodriver	INFO	Listening on 127.0.0.1:58725
1600790743285	mozrunner::runner	INFO	Running command: "C:\\Program Files (x86)\\Mozilla Firefox\\firefox.exe" "--marionette" "-foreground" "-no-remote" "-profile" "C:\\Users\\user\\AppData\\Local\\Temp\\rust_mozprofileXTtg8k"
JavaScript error: resource://gre/modules/XULStore.jsm, line 66: Error: Can't find profile directory.
console.error: SearchCache: "_readCacheFile: Error reading cache file:" (new Error("", "(unknown module)"))
1600790745187	Marionette	INFO	Listening on port 58733
1600790745332	Marionette	WARN	TLS certificate errors will be ignored for this session
1600791370559	Marionette	INFO	Stopped listening on port 58733

###!!! [Child][RunMessage] Error: Channel closing: too late to send/recv, messages will be lost


###!!! [Child][MessageChannel::SendAndWait] Error: Channel error: cannot send/recv

cal\\Temp\\rust_mozprofilegohpEY"
JavaScript error: resource://gre/modules/XULStore.jsm, line 66: Error: Can't find profile directory.
console.error: SearchCache: "_readCacheFile: Error reading cache file:" (new Error("", "(unknown module)"))
1600791087202	Marionette	INFO	Listening on port 58981
1600791087380	Marionette	WARN	TLS certificate errors will be ignored for this session
1600791136613	Marionette	INFO	Stopped listening on port 58981

###!!! [Child][RunMessage] Error: Channel closing: too late to send/recv, messages will be lost


###!!! [Child][MessageChannel::SendAndWait] Error: Channel error: cannot send/recv

1600791138268	geckodriver	INFO	Listening on 127.0.0.1:59033
1600791141354	mozrunner::runner	INFO	Running command: "C:\\Program Files (x86)\\Mozilla Firefox\\firefox.exe" "--marionette" "-foreground" "-no-remote" "-profile" "C:\\Users\\user\\AppData\\Local\\Temp\\rust_mozprofileoSBb5V"
JavaScript error: resource://gre/modules/XULStore.jsm, line 66: Error: Can't find profile directory.
console.error: SearchCache: "_readCacheFile: Error reading cache file:" (new Error("", "(unknown module)"))
1600791143044	Marionette	INFO	Listening on port 59041
1600791143450	Marionette	WARN	TLS certificate errors will be ignored for this session
1600791181585	Marionette	INFO	Stopped listening on port 59041

###!!! [Child][RunMessage] Error: Channel closing: too late to send/recv, messages will be lost


###!!! [Child][MessageChannel::SendAndWait] Error: Channel error: cannot send/recv

1600791182751	geckodriver	INFO	Listening on 127.0.0.1:59091
1600791185816	mozrunner::runner	INFO	Running command: "C:\\Program Files (x86)\\Mozilla Firefox\\firefox.exe" "--marionette" "-foreground" "-no-remote" "-profile" "C:\\Users\\user\\AppData\\Local\\Temp\\rust_mozprofileNPuENO"
JavaScript error: resource://gre/modules/XULStore.jsm, line 66: Error: Can't find profile directory.
console.error: SearchCache: "_readCacheFile: Error reading cache file:" (new Error("", "(unknown module)"))
1600791187669	Marionette	INFO	Listening on port 59100
1600791187851	Marionette	WARN	TLS certificate errors will be ignored for this session
1600791322982	Marionette	INFO	Stopped listening on port 59100

###!!! [Child][RunMessage] Error: Channel closing: too late to send/recv, messages will be lost


###!!! [Child][MessageChannel::SendAndWait] Error: Channel error: cannot send/recv

1600791324447	geckodriver	INFO	Listening on 127.0.0.1:59163
1600791327521	mozrunner::runner	INFO	Running command: "C:\\Program Files (x86)\\Mozilla Firefox\\firefox.exe" "--marionette" "-foreground" "-no-remote" "-profile" "C:\\Users\\user\\AppData\\Local\\Temp\\rust_mozprofilerX0g75"
JavaScript error: resource://gre/modules/XULStore.jsm, line 66: Error: Can't find profile directory.
console.error: SearchCache: "_readCacheFile: Error reading cache file:" (new Error("", "(unknown module)"))
1600791329360	Marionette	INFO	Listening on port 59171
1600791329572	Marionette	WARN	TLS certificate errors will be ignored for this session
1600791348821	Marionette	INFO	Stopped listening on port 59171

###!!! [Child][RunMessage] Error: Channel closing: too late to send/recv, messages will be lost


###!!! [Child][MessageChannel::SendAndWait] Error: Channel error: cannot send/recv

1600792427893	geckodriver	INFO	Listening on 127.0.0.1:59380
1600792430980	mozrunner::runner	INFO	Running command: "C:\\Program Files (x86)\\Mozilla Firefox\\firefox.exe" "--marionette" "-foreground" "-no-remote" "-profile" "C:\\Users\\user\\AppData\\Local\\Temp\\rust_mozprofileZvWIrj"
JavaScript error: resource://gre/modules/XULStore.jsm, line 66: Error: Can't find profile directory.
console.error: SearchCache: "_readCacheFile: Error reading cache file:" (new Error("", "(unknown module)"))
1600792432737	Marionette	INFO	Listening on port 59388
1600792433023	Marionette	WARN	TLS certificate errors will be ignored for this session
1600792641528	Marionette	INFO	Stopped listening on port 59388

###!!! [Child][MessageChannel::SendAndWait] Error: Channel error: cannot send/recv

1600821224771	geckodriver	INFO	Listening on 127.0.0.1:61780
1600821227833	mozrunner::runner	INFO	Running command: "C:\\Program Files (x86)\\Mozilla Firefox\\firefox.exe" "--marionette" "-foreground" "-no-remote" "-profile" "C:\\Users\\user\\AppData\\Local\\Temp\\rust_mozprofileU44AsH"
JavaScript error: resource://gre/modules/XULStore.jsm, line 66: Error: Can't find profile directory.
console.error: SearchCache: "_readCacheFile: Error reading cache file:" (new Error("", "(unknown module)"))
1600821231322	Marionette	INFO	Listening on port 61788
1600821231455	Marionette	WARN	TLS certificate errors will be ignored for this session
JavaScript error: https://moodle.cpce-polyu.edu.hk/mod/attendance/attendance.php?sessid=92437&sesskey=4KGGjg4E3X, line 1451: TypeError: document.getElementById(...) is null
1600821363586	Marionette	INFO	Stopped listening on port 61788

###!!! [Child][MessageChannel::SendAndWait] Error: Channel error: cannot send/recv

1600821366601	geckodriver	INFO	Listening on 127.0.0.1:61920
1600821369638	mozrunner::runner	INFO	Running command: "C:\\Program Files (x86)\\Mozilla Firefox\\firefox.exe" "--marionette" "-foreground" "-no-remote" "-profile" "C:\\Users\\user\\AppData\\Local\\Temp\\rust_mozprofile2Hf0Ex"
JavaScript error: resource://gre/modules/XULStore.jsm, line 66: Error: Can't find profile directory.
console.error: SearchCache: "_readCacheFile: Error reading cache file:" (new Error("", "(unknown module)"))
1600821371719	Marionette	INFO	Listening on port 61928
1600821371750	Marionette	WARN	TLS certificate errors will be ignored for this session
JavaScript error: https://moodle.cpce-polyu.edu.hk/mod/attendance/attendance.php?sessid=92437&sesskey=6TxXVKl4vP, line 1451: TypeError: document.getElementById(...) is null
1600821479698	Marionette	INFO	Stopped listening on port 61928

###!!! [Child][RunMessage] Error: Channel closing: too late to send/recv, messages will be lost


###!!! [Child][MessageChannel::SendAndWait] Error: Channel error: cannot send/recv

1601399078321	geckodriver	INFO	Listening on 127.0.0.1:52945
1601399081435	mozrunner::runner	INFO	Running command: "C:\\Program Files (x86)\\Mozilla Firefox\\firefox.exe" "--marionette" "-foreground" "-no-remote" "-profile" "C:\\Users\\user\\AppData\\Local\\Temp\\rust_mozprofilexD3PWM"
JavaScript error: resource://gre/modules/XULStore.jsm, line 66: Error: Can't find profile directory.
console.error: SearchCache: "_readCacheFile: Error reading cache file:" (new Error("", "(unknown module)"))
1601399084254	Marionette	INFO	Listening on port 52953
1601399084639	Marionette	WARN	TLS certificate errors will be ignored for this session
1601399965147	Marionette	INFO	Stopped listening on port 52953

###!!! [Child][MessageChannel::SendAndWait] Error: Channel error: cannot send/recv

1611544670997	geckodriver	INFO	Listening on 127.0.0.1:61890
1611544674080	mozrunner::runner	INFO	Running command: "C:\\Program Files (x86)\\Mozilla Firefox\\firefox.exe" "--marionette" "-foreground" "-no-remote" "-profile" "C:\\Users\\user\\AppData\\Local\\Temp\\rust_mozprofile3LhJCM"
1611544717294	geckodriver	INFO	Listening on 127.0.0.1:61948
1611544720375	mozrunner::runner	INFO	Running command: "C:\\Program Files (x86)\\Mozilla Firefox\\firefox.exe" "--marionette" "-foreground" "-no-remote" "-profile" "C:\\Users\\user\\AppData\\Local\\Temp\\rust_mozprofileCcENMH"
Can't find symbol 'eglSwapBuffersWithDamageEXT'.
Can't find symbol 'eglSetDamageRegionKHR'.
JavaScript error: resource://gre/modules/XULStore.jsm, line 66: Error: Can't find profile directory.
console.warn: SearchSettings: "get: No settings file exists, new profile?" (new Error("", "(unknown module)"))
1611544722235	Marionette	INFO	Listening on port 61957
1611544722448	Marionette	WARN	TLS certificate errors will be ignored for this session
JavaScript error: , line 0: NotFoundError: No such JSWindowActor 'MarionetteEvents'
1611544745122	Marionette	INFO	Stopped listening on port 61957

###!!! [Child][RunMessage] Error: Channel closing: too late to send/recv, messages will be lost

1611650086565	geckodriver	INFO	Listening on 127.0.0.1:60127
1611650089666	mozrunner::runner	INFO	Running command: "C:\\Program Files (x86)\\Mozilla Firefox\\firefox.exe" "--marionette" "-foreground" "-no-remote" "-profile" "C:\\Users\\user\\AppData\\Local\\Temp\\rust_mozprofilerOfbZd"
Can't find symbol 'eglSwapBuffersWithDamageEXT'.
Can't find symbol 'eglSetDamageRegionKHR'.
JavaScript error: resource://gre/modules/XULStore.jsm, line 66: Error: Can't find profile directory.
console.warn: SearchSettings: "get: No settings file exists, new profile?" (new Error("", "(unknown module)"))
1611650092448	Marionette	INFO	Listening on port 60135
1611650092855	Marionette	WARN	TLS certificate errors will be ignored for this session
JavaScript error: , line 0: NotFoundError: No such JSWindowActor 'MarionetteEvents'
1611650132000	Marionette	INFO	Stopped listening on port 60135

###!!! [Child][RunMessage] Error: Channel closing: too late to send/recv, messages will be lost

1611650370948	geckodriver	INFO	Listening on 127.0.0.1:60353
1611650374048	mozrunner::runner	INFO	Running command: "C:\\Program Files (x86)\\Mozilla Firefox\\firefox.exe" "--marionette" "-foreground" "-no-remote" "-profile" "C:\\Users\\user\\AppData\\Local\\Temp\\rust_mozprofilehTvxKV"
Can't find symbol 'eglSwapBuffersWithDamageEXT'.
Can't find symbol 'eglSetDamageRegionKHR'.
JavaScript error: resource://gre/modules/XULStore.jsm, line 66: Error: Can't find profile directory.
console.warn: SearchSettings: "get: No settings file exists, new profile?" (new Error("", "(unknown module)"))
1611650375881	Marionette	INFO	Listening on port 60361
1611650376089	Marionette	WARN	TLS certificate errors will be ignored for this session
1611650394312	Marionette	INFO	Stopped listening on port 60361

###!!! [Child][RunMessage] Error: Channel closing: too late to send/recv, messages will be lost

1611650400172	geckodriver	INFO	Listening on 127.0.0.1:60415
1611650403233	mozrunner::runner	INFO	Running command: "C:\\Program Files (x86)\\Mozilla Firefox\\firefox.exe" "--marionette" "-foreground" "-no-remote" "-profile" "C:\\Users\\user\\AppData\\Local\\Temp\\rust_mozprofileEtwuBr"
Can't find symbol 'eglSwapBuffersWithDamageEXT'.
Can't find symbol 'eglSetDamageRegionKHR'.
JavaScript error: resource://gre/modules/XULStore.jsm, line 66: Error: Can't find profile directory.
console.warn: SearchSettings: "get: No settings file exists, new profile?" (new Error("", "(unknown module)"))
1611650404921	Marionette	INFO	Listening on port 60424
1611650405288	Marionette	WARN	TLS certificate errors will be ignored for this session
1611650414957	Marionette	INFO	Stopped listening on port 60424
1611650432640	geckodriver	INFO	Listening on 127.0.0.1:60480
1611650435715	mozrunner::runner	INFO	Running command: "C:\\Program Files (x86)\\Mozilla Firefox\\firefox.exe" "--marionette" "-foreground" "-no-remote" "-profile" "C:\\Users\\user\\AppData\\Local\\Temp\\rust_mozprofilezaVi65"
Can't find symbol 'eglSwapBuffersWithDamageEXT'.
Can't find symbol 'eglSetDamageRegionKHR'.
JavaScript error: resource://gre/modules/XULStore.jsm, line 66: Error: Can't find profile directory.
console.warn: SearchSettings: "get: No settings file exists, new profile?" (new Error("", "(unknown module)"))
1611650437435	Marionette	INFO	Listening on port 60488
1611650437772	Marionette	WARN	TLS certificate errors will be ignored for this session
JavaScript error: , line 0: NotFoundError: No such JSWindowActor 'MarionetteEvents'
1611650463371	Marionette	INFO	Stopped listening on port 60488

###!!! [Child][RunMessage] Error: Channel closing: too late to send/recv, messages will be lost

1611650480714	geckodriver	INFO	Listening on 127.0.0.1:60570
1611650483772	mozrunner::runner	INFO	Running command: "C:\\Program Files (x86)\\Mozilla Firefox\\firefox.exe" "--marionette" "-foreground" "-no-remote" "-profile" "C:\\Users\\user\\AppData\\Local\\Temp\\rust_mozprofileFnRNJ3"
Can't find symbol 'eglSwapBuffersWithDamageEXT'.
Can't find symbol 'eglSetDamageRegionKHR'.
JavaScript error: resource://gre/modules/XULStore.jsm, line 66: Error: Can't find profile directory.
console.warn: SearchSettings: "get: No settings file exists, new profile?" (new Error("", "(unknown module)"))
1611650485554	Marionette	INFO	Listening on port 60578
1611650485835	Marionette	WARN	TLS certificate errors will be ignored for this session
JavaScript error: , line 0: NotFoundError: No such JSWindowActor 'MarionetteEvents'
1611658232758	Marionette	INFO	Stopped listening on port 60578

###!!! [Child][RunMessage] Error: Channel closing: too late to send/recv, messages will be lost

.exe" "--marionette" "-foreground" "-no-remote" "-profile" "C:\\Users\\user\\AppData\\Local\\Temp\\rust_mozprofile0ChwMj"
Can't find symbol 'eglSwapBuffersWithDamageEXT'.
Can't find symbol 'eglSetDamageRegionKHR'.
JavaScript error: resource://gre/modules/XULStore.jsm, line 66: Error: Can't find profile directory.
console.warn: SearchSettings: "get: No settings file exists, new profile?" (new Error("", "(unknown module)"))
1611650935751	Marionette	INFO	Listening on port 60940
1611650935872	Marionette	WARN	TLS certificate errors will be ignored for this session
JavaScript error: , line 0: NotFoundError: No such JSWindowActor 'MarionetteEvents'
1611650977421	Marionette	INFO	Stopped listening on port 60940

###!!! [Child][RunMessage] Error: Channel closing: too late to send/recv, messages will be lost

1611650991146	geckodriver	INFO	Listening on 127.0.0.1:61013
1611650994243	mozrunner::runner	INFO	Running command: "C:\\Program Files (x86)\\Mozilla Firefox\\firefox.exe" "--marionette" "-foreground" "-no-remote" "-profile" "C:\\Users\\user\\AppData\\Local\\Temp\\rust_mozprofile3zQ2UT"
Can't find symbol 'eglSwapBuffersWithDamageEXT'.
Can't find symbol 'eglSetDamageRegionKHR'.
JavaScript error: resource://gre/modules/XULStore.jsm, line 66: Error: Can't find profile directory.
console.warn: SearchSettings: "get: No settings file exists, new profile?" (new Error("", "(unknown module)"))
1611650996019	Marionette	INFO	Listening on port 61023
1611650996275	Marionette	WARN	TLS certificate errors will be ignored for this session
JavaScript error: , line 0: NotFoundError: No such JSWindowActor 'MarionetteEvents'
JavaScript error: https://moodle.cpce-polyu.edu.hk/, line 1590: TypeError: M.filter_mathjaxloader is undefined
JavaScript error: https://moodle.cpce-polyu.edu.hk/lib/requirejs.php/1611397069/core/first.js, line 32: TypeError: a is undefined
JavaScript error: https://moodle.cpce-polyu.edu.hk/lib/javascript.php/1611397069/lib/requirejs/require.min.js, line 1: Error: Script error for "core/first"
http://requirejs.org/docs/errors.html#scripterror
Marionette threw an error: TypeError: browsingContextFn() is null
getMarionetteCommandsActorProxy/get/<@chrome://marionette/content/actors/MarionetteCommandsParent.jsm:330:29
observe@resource://gre/modules/AsyncShutdown.jsm:573:16

1611651022109	Marionette	INFO	Stopped listening on port 61023

###!!! [Child][RunMessage] Error: Channel closing: too late to send/recv, messages will be lost

1611651038165	geckodriver	INFO	Listening on 127.0.0.1:61098
1611651041251	mozrunner::runner	INFO	Running command: "C:\\Program Files (x86)\\Mozilla Firefox\\firefox.exe" "--marionette" "-foreground" "-no-remote" "-profile" "C:\\Users\\user\\AppData\\Local\\Temp\\rust_mozprofileojHGsB"
Can't find symbol 'eglSwapBuffersWithDamageEXT'.
Can't find symbol 'eglSetDamageRegionKHR'.
JavaScript error: resource://gre/modules/XULStore.jsm, line 66: Error: Can't find profile directory.
console.warn: SearchSettings: "get: No settings file exists, new profile?" (new Error("", "(unknown module)"))
1611651043003	Marionette	INFO	Listening on port 61106
1611651043304	Marionette	WARN	TLS certificate errors will be ignored for this session
JavaScript error: , line 0: NotFoundError: No such JSWindowActor 'MarionetteEvents'
JavaScript error: https://moodle.cpce-polyu.edu.hk/, line 1590: TypeError: M.filter_mathjaxloader is undefined
1611658232742	Marionette	INFO	Stopped listening on port 61106

###!!! [Child][RunMessage] Error: Channel closing: too late to send/recv, messages will be lost

.exe" "--marionette" "-foreground" "-no-remote" "-profile" "C:\\Users\\user\\AppData\\Local\\Temp\\rust_mozprofileFmJ4HT"
Can't find symbol 'eglSwapBuffersWithDamageEXT'.
Can't find symbol 'eglSetDamageRegionKHR'.
JavaScript error: resource://gre/modules/XULStore.jsm, line 66: Error: Can't find profile directory.
console.warn: SearchSettings: "get: No settings file exists, new profile?" (new Error("", "(unknown module)"))
1611651160367	Marionette	INFO	Listening on port 61203
1611651160527	Marionette	WARN	TLS certificate errors will be ignored for this session
JavaScript error: , line 0: NotFoundError: No such JSWindowActor 'MarionetteEvents'
JavaScript error: https://moodle.cpce-polyu.edu.hk/, line 1590: TypeError: M.filter_mathjaxloader is undefined
1611651754734	Marionette	INFO	Stopped listening on port 61203
1611651773770	geckodriver	INFO	Listening on 127.0.0.1:61671
1611651776835	mozrunner::runner	INFO	Running command: "C:\\Program Files (x86)\\Mozilla Firefox\\firefox.exe" "--marionette" "-foreground" "-no-remote" "-profile" "C:\\Users\\user\\AppData\\Local\\Temp\\rust_mozprofileIQPmQ7"
Can't find symbol 'eglSwapBuffersWithDamageEXT'.
Can't find symbol 'eglSetDamageRegionKHR'.
JavaScript error: resource://gre/modules/XULStore.jsm, line 66: Error: Can't find profile directory.
console.warn: SearchSettings: "get: No settings file exists, new profile?" (new Error("", "(unknown module)"))
1611651778611	Marionette	INFO	Listening on port 61679
1611651778894	Marionette	WARN	TLS certificate errors will be ignored for this session
JavaScript error: , line 0: NotFoundError: No such JSWindowActor 'MarionetteEvents'
JavaScript error: https://moodle.cpce-polyu.edu.hk/, line 1590: TypeError: M.filter_mathjaxloader is undefined
1611652727738	Marionette	INFO	Stopped listening on port 61679

###!!! [Child][RunMessage] Error: Channel closing: too late to send/recv, messages will be lost

1611653902076	geckodriver	INFO	Listening on 127.0.0.1:62383
1611653905148	mozrunner::runner	INFO	Running command: "C:\\Program Files (x86)\\Mozilla Firefox\\firefox.exe" "--marionette" "-foreground" "-no-remote" "-profile" "C:\\Users\\user\\AppData\\Local\\Temp\\rust_mozprofileBXfB6k"
Can't find symbol 'eglSwapBuffersWithDamageEXT'.
Can't find symbol 'eglSetDamageRegionKHR'.
JavaScript error: resource://gre/modules/XULStore.jsm, line 66: Error: Can't find profile directory.
console.warn: SearchSettings: "get: No settings file exists, new profile?" (new Error("", "(unknown module)"))
1611653906919	Marionette	INFO	Listening on port 62393
1611653907207	Marionette	WARN	TLS certificate errors will be ignored for this session
JavaScript error: , line 0: NotFoundError: No such JSWindowActor 'MarionetteEvents'
1611653921162	Marionette	INFO	Stopped listening on port 62393

###!!! [Child][RunMessage] Error: Channel closing: too late to send/recv, messages will be lost

1611653994761	geckodriver	INFO	Listening on 127.0.0.1:62477
1611653997843	mozrunner::runner	INFO	Running command: "C:\\Program Files (x86)\\Mozilla Firefox\\firefox.exe" "--marionette" "-foreground" "-no-remote" "-profile" "C:\\Users\\user\\AppData\\Local\\Temp\\rust_mozprofileSAwLte"
Can't find symbol 'eglSwapBuffersWithDamageEXT'.
Can't find symbol 'eglSetDamageRegionKHR'.
JavaScript error: resource://gre/modules/XULStore.jsm, line 66: Error: Can't find profile directory.
console.warn: SearchSettings: "get: No settings file exists, new profile?" (new Error("", "(unknown module)"))
1611653999683	Marionette	INFO	Listening on port 62485
1611653999906	Marionette	WARN	TLS certificate errors will be ignored for this session
1611654004009	Marionette	INFO	Stopped listening on port 62485

###!!! [Child][RunMessage] Error: Channel closing: too late to send/recv, messages will be lost

1611657294959	geckodriver	INFO	Listening on 127.0.0.1:64180
1611657298053	mozrunner::runner	INFO	Running command: "C:\\Program Files (x86)\\Mozilla Firefox\\firefox.exe" "--marionette" "-foreground" "-no-remote" "-profile" "C:\\Users\\user\\AppData\\Local\\Temp\\rust_mozprofileVuT74v"
Can't find symbol 'eglSwapBuffersWithDamageEXT'.
Can't find symbol 'eglSetDamageRegionKHR'.
JavaScript error: resource://gre/modules/XULStore.jsm, line 66: Error: Can't find profile directory.
console.warn: SearchSettings: "get: No settings file exists, new profile?" (new Error("", "(unknown module)"))
1611657299841	Marionette	INFO	Listening on port 64188
1611657300122	Marionette	WARN	TLS certificate errors will be ignored for this session
JavaScript error: , line 0: NotFoundError: No such JSWindowActor 'MarionetteEvents'
JavaScript error: https://moodle.cpce-polyu.edu.hk/, line 1590: TypeError: M.filter_mathjaxloader is undefined
JavaScript error: , line 0: NotFoundError: No such JSWindowActor 'MarionetteEvents'
1611657310379	Marionette	INFO	Stopped listening on port 64188

###!!! [Child][RunMessage] Error: Channel closing: too late to send/recv, messages will be lost

1611658142290	geckodriver	INFO	Listening on 127.0.0.1:64461
1611658145358	mozrunner::runner	INFO	Running command: "C:\\Program Files (x86)\\Mozilla Firefox\\firefox.exe" "--marionette" "-foreground" "-no-remote" "-profile" "C:\\Users\\user\\AppData\\Local\\Temp\\rust_mozprofile4YUnGD"
Can't find symbol 'eglSwapBuffersWithDamageEXT'.
Can't find symbol 'eglSetDamageRegionKHR'.
JavaScript error: resource://gre/modules/XULStore.jsm, line 66: Error: Can't find profile directory.
console.warn: SearchSettings: "get: No settings file exists, new profile?" (new Error("", "(unknown module)"))
1611658147142	Marionette	INFO	Listening on port 64469
1611658147413	Marionette	WARN	TLS certificate errors will be ignored for this session
JavaScript error: , line 0: NotFoundError: No such JSWindowActor 'MarionetteEvents'
JavaScript error: https://moodle.cpce-polyu.edu.hk/, line 1590: TypeError: M.filter_mathjaxloader is undefined
1611658232681	Marionette	INFO	Stopped listening on port 64469

###!!! [Child][RunMessage] Error: Channel closing: too late to send/recv, messages will be lost

1611658382400	geckodriver	INFO	Listening on 127.0.0.1:64688
1611658385491	mozrunner::runner	INFO	Running command: "C:\\Program Files (x86)\\Mozilla Firefox\\firefox.exe" "--marionette" "-foreground" "-no-remote" "-profile" "C:\\Users\\user\\AppData\\Local\\Temp\\rust_mozprofileQpEpOq"
Can't find symbol 'eglSwapBuffersWithDamageEXT'.
Can't find symbol 'eglSetDamageRegionKHR'.
JavaScript error: resource://gre/modules/XULStore.jsm, line 66: Error: Can't find profile directory.
console.warn: SearchSettings: "get: No settings file exists, new profile?" (new Error("", "(unknown module)"))
1611658387278	Marionette	INFO	Listening on port 64696
1611658387544	Marionette	WARN	TLS certificate errors will be ignored for this session
JavaScript error: , line 0: NotFoundError: No such JSWindowActor 'MarionetteEvents'
JavaScript error: https://moodle.cpce-polyu.edu.hk/, line 1590: TypeError: M.filter_mathjaxloader is undefined
1611658422137	Marionette	INFO	Stopped listening on port 64696

###!!! [Child][RunMessage] Error: Channel closing: too late to send/recv, messages will be lost

1611658425639	geckodriver	INFO	Listening on 127.0.0.1:64768
1611658428727	mozrunner::runner	INFO	Running command: "C:\\Program Files (x86)\\Mozilla Firefox\\firefox.exe" "--marionette" "-foreground" "-no-remote" "-profile" "C:\\Users\\user\\AppData\\Local\\Temp\\rust_mozprofilebR2Buq"
Can't find symbol 'eglSwapBuffersWithDamageEXT'.
Can't find symbol 'eglSetDamageRegionKHR'.
JavaScript error: resource://gre/modules/XULStore.jsm, line 66: Error: Can't find profile directory.
console.warn: SearchSettings: "get: No settings file exists, new profile?" (new Error("", "(unknown module)"))
1611658430516	Marionette	INFO	Listening on port 64776
1611658430776	Marionette	WARN	TLS certificate errors will be ignored for this session
JavaScript error: , line 0: NotFoundError: No such JSWindowActor 'MarionetteEvents'
JavaScript error: https://moodle.cpce-polyu.edu.hk/, line 1590: TypeError: M.filter_mathjaxloader is undefined
1611658464918	Marionette	INFO	Stopped listening on port 64776

###!!! [Child][RunMessage] Error: Channel closing: too late to send/recv, messages will be lost

1611658621884	geckodriver	INFO	Listening on 127.0.0.1:64928
1611658624933	mozrunner::runner	INFO	Running command: "C:\\Program Files (x86)\\Mozilla Firefox\\firefox.exe" "--marionette" "-foreground" "-no-remote" "-profile" "C:\\Users\\user\\AppData\\Local\\Temp\\rust_mozprofileSBJM2N"
Can't find symbol 'eglSwapBuffersWithDamageEXT'.
Can't find symbol 'eglSetDamageRegionKHR'.
JavaScript error: resource://gre/modules/XULStore.jsm, line 66: Error: Can't find profile directory.
console.warn: SearchSettings: "get: No settings file exists, new profile?" (new Error("", "(unknown module)"))
1611658626693	Marionette	INFO	Listening on port 64936
1611658626987	Marionette	WARN	TLS certificate errors will be ignored for this session
JavaScript error: , line 0: NotFoundError: No such JSWindowActor 'MarionetteEvents'
JavaScript error: https://moodle.cpce-polyu.edu.hk/, line 1590: TypeError: M.filter_mathjaxloader is undefined
1611658665163	Marionette	INFO	Stopped listening on port 64936

###!!! [Child][RunMessage] Error: Channel closing: too late to send/recv, messages will be lost

1611658668657	geckodriver	INFO	Listening on 127.0.0.1:65011
1611658671718	mozrunner::runner	INFO	Running command: "C:\\Program Files (x86)\\Mozilla Firefox\\firefox.exe" "--marionette" "-foreground" "-no-remote" "-profile" "C:\\Users\\user\\AppData\\Local\\Temp\\rust_mozprofilejljyup"
Can't find symbol 'eglSwapBuffersWithDamageEXT'.
Can't find symbol 'eglSetDamageRegionKHR'.
JavaScript error: resource://gre/modules/XULStore.jsm, line 66: Error: Can't find profile directory.
console.warn: SearchSettings: "get: No settings file exists, new profile?" (new Error("", "(unknown module)"))
1611658673518	Marionette	INFO	Listening on port 65019
1611658673776	Marionette	WARN	TLS certificate errors will be ignored for this session
JavaScript error: , line 0: NotFoundError: No such JSWindowActor 'MarionetteEvents'
JavaScript error: https://moodle.cpce-polyu.edu.hk/, line 1593: TypeError: Y.Moodle is undefined
1611658708517	Marionette	INFO	Stopped listening on port 65019

###!!! [Child][RunMessage] Error: Channel closing: too late to send/recv, messages will be lost

1611661097769	geckodriver	INFO	Listening on 127.0.0.1:50273
1611661100849	mozrunner::runner	INFO	Running command: "C:\\Program Files (x86)\\Mozilla Firefox\\firefox.exe" "--marionette" "-foreground" "-no-remote" "-profile" "C:\\Users\\user\\AppData\\Local\\Temp\\rust_mozprofilegU28VA"
Can't find symbol 'eglSwapBuffersWithDamageEXT'.
Can't find symbol 'eglSetDamageRegionKHR'.
JavaScript error: resource://gre/modules/XULStore.jsm, line 66: Error: Can't find profile directory.
console.warn: SearchSettings: "get: No settings file exists, new profile?" (new Error("", "(unknown module)"))
1611661102644	Marionette	INFO	Listening on port 50281
1611661102884	Marionette	WARN	TLS certificate errors will be ignored for this session
JavaScript error: , line 0: NotFoundError: No such JSWindowActor 'MarionetteEvents'
JavaScript error: https://moodle.cpce-polyu.edu.hk/, line 1593: TypeError: Y.Moodle is undefined
Marionette threw an error: NotFoundError: WindowGlobalParent.getActor: No such JSWindowActor 'MarionetteCommands'
getMarionetteCommandsActorProxy/get/<@chrome://marionette/content/actors/MarionetteCommandsParent.jsm:330:69
GeckoDriver.prototype.deleteSession@chrome://marionette/content/driver.js:3034:17
onClosed@chrome://marionette/content/server.js:196:17
close@chrome://marionette/content/transport.js:225:18
onInputStreamReady@chrome://marionette/content/transport.js:379:14

1611661149938	Marionette	INFO	Stopped listening on port 50281

###!!! [Child][RunMessage] Error: Channel closing: too late to send/recv, messages will be lost

.exe" "--marionette" "-foreground" "-no-remote" "-profile" "C:\\Users\\user\\AppData\\Local\\Temp\\rust_mozprofileqhg1aJ"
Can't find symbol 'eglSwapBuffersWithDamageEXT'.
Can't find symbol 'eglSetDamageRegionKHR'.
JavaScript error: resource://gre/modules/XULStore.jsm, line 66: Error: Can't find profile directory.
console.warn: SearchSettings: "get: No settings file exists, new profile?" (new Error("", "(unknown module)"))
1611661143462	Marionette	INFO	Listening on port 50383
1611661143764	Marionette	WARN	TLS certificate errors will be ignored for this session
console.error: Region.jsm: "Error fetching region" (new Error("TIMEOUT", "resource://gre/modules/Region.jsm", 726))
console.error: Region.jsm: "Failed to fetch region" (new Error("TIMEOUT", "resource://gre/modules/Region.jsm", 376))
JavaScript error: resource://activity-stream/lib/ASRouter.jsm, line 987: NS_ERROR_ILLEGAL_VALUE: Component returned failure code: 0x80070057 (NS_ERROR_ILLEGAL_VALUE) [nsIObserverService.removeObserver]
1611661151609	Marionette	INFO	Stopped listening on port 50383

###!!! [Child][RunMessage] Error: Channel closing: too late to send/recv, messages will be lost

1611661414773	geckodriver	INFO	Listening on 127.0.0.1:50628
1611661417809	mozrunner::runner	INFO	Running command: "C:\\Program Files (x86)\\Mozilla Firefox\\firefox.exe" "--marionette" "-foreground" "-no-remote" "-profile" "C:\\Users\\user\\AppData\\Local\\Temp\\rust_mozprofileXo52bR"
Can't find symbol 'eglSwapBuffersWithDamageEXT'.
Can't find symbol 'eglSetDamageRegionKHR'.
JavaScript error: resource://gre/modules/XULStore.jsm, line 66: Error: Can't find profile directory.
console.warn: SearchSettings: "get: No settings file exists, new profile?" (new Error("", "(unknown module)"))
1611661419553	Marionette	INFO	Listening on port 50637
1611661419860	Marionette	WARN	TLS certificate errors will be ignored for this session
JavaScript error: , line 0: NotFoundError: No such JSWindowActor 'MarionetteEvents'
JavaScript error: https://moodle.cpce-polyu.edu.hk/, line 1590: TypeError: M.filter_mathjaxloader is undefined
Marionette threw an error: NotFoundError: WindowGlobalParent.getActor: No such JSWindowActor 'MarionetteCommands'
getMarionetteCommandsActorProxy/get/<@chrome://marionette/content/actors/MarionetteCommandsParent.jsm:330:69
GeckoDriver.prototype.deleteSession@chrome://marionette/content/driver.js:3034:17
onClosed@chrome://marionette/content/server.js:196:17
close@chrome://marionette/content/transport.js:225:18
onInputStreamReady@chrome://marionette/content/transport.js:379:14

[Parent 32992, Gecko_IOThread] WARNING: file /builds/worker/checkouts/gecko/ipc/chromium/src/base/process_util_win.cc:166
1611661441629	Marionette	INFO	Stopped listening on port 50637

###!!! [Child][RunMessage] Error: Channel closing: too late to send/recv, messages will be lost

1611661692092	geckodriver	INFO	Listening on 127.0.0.1:50904
1611661695169	mozrunner::runner	INFO	Running command: "C:\\Program Files (x86)\\Mozilla Firefox\\firefox.exe" "--marionette" "-foreground" "-no-remote" "-profile" "C:\\Users\\user\\AppData\\Local\\Temp\\rust_mozprofilejykCiZ"
Can't find symbol 'eglSwapBuffersWithDamageEXT'.
Can't find symbol 'eglSetDamageRegionKHR'.
JavaScript error: resource://gre/modules/XULStore.jsm, line 66: Error: Can't find profile directory.
console.warn: SearchSettings: "get: No settings file exists, new profile?" (new Error("", "(unknown module)"))
1611661696826	Marionette	INFO	Listening on port 50914
1611661697223	Marionette	WARN	TLS certificate errors will be ignored for this session
1611661697972	Marionette	INFO	Stopped listening on port 50914
JavaScript error: resource://activity-stream/lib/ASRouter.jsm, line 987: NS_ERROR_ILLEGAL_VALUE: Component returned failure code: 0x80070057 (NS_ERROR_ILLEGAL_VALUE) [nsIObserverService.removeObserver]
1611661716575	geckodriver	INFO	Listening on 127.0.0.1:50961
1611661719646	mozrunner::runner	INFO	Running command: "C:\\Program Files (x86)\\Mozilla Firefox\\firefox.exe" "--marionette" "-foreground" "-no-remote" "-profile" "C:\\Users\\user\\AppData\\Local\\Temp\\rust_mozprofile3JZbWX"
Can't find symbol 'eglSwapBuffersWithDamageEXT'.
Can't find symbol 'eglSetDamageRegionKHR'.
JavaScript error: resource://gre/modules/XULStore.jsm, line 66: Error: Can't find profile directory.
console.warn: SearchSettings: "get: No settings file exists, new profile?" (new Error("", "(unknown module)"))
1611661721321	Marionette	INFO	Listening on port 50973
1611661721704	Marionette	WARN	TLS certificate errors will be ignored for this session
JavaScript error: , line 0: NotFoundError: No such JSWindowActor 'MarionetteEvents'
JavaScript error: https://moodle.cpce-polyu.edu.hk/, line 1590: TypeError: M.filter_mathjaxloader is undefined
console.error: "Error while calling actor 'pagestyle's method 'getApplied'" "node is null"
console.error: "getApplied@resource://devtools/server/actors/page-style.js:573:5\nhandler@resource://devtools/shared/protocol/Actor.js:172:37\nonPacket@resource://devtools/server/devtools-server-connection.js:379:58\nreceiveMessage@resource://devtools/shared/transport/child-transport.js:68:16\n"
1611661800297	Marionette	INFO	Stopped listening on port 50973

###!!! [Child][RunMessage] Error: Channel closing: too late to send/recv, messages will be lost

1611675363150	geckodriver	INFO	Listening on 127.0.0.1:63323
1611675366247	mozrunner::runner	INFO	Running command: "C:\\Program Files (x86)\\Mozilla Firefox\\firefox.exe" "--marionette" "-foreground" "-no-remote" "-profile" "C:\\Users\\user\\AppData\\Local\\Temp\\rust_mozprofiler4Cym4"
Can't find symbol 'eglSwapBuffersWithDamageEXT'.
Can't find symbol 'eglSetDamageRegionKHR'.
JavaScript error: resource://gre/modules/XULStore.jsm, line 66: Error: Can't find profile directory.
console.warn: SearchSettings: "get: No settings file exists, new profile?" (new Error("", "(unknown module)"))
1611675368069	Marionette	INFO	Listening on port 63331
1611675368320	Marionette	WARN	TLS certificate errors will be ignored for this session
JavaScript error: , line 0: NotFoundError: No such JSWindowActor 'MarionetteEvents'
JavaScript error: https://moodle.cpce-polyu.edu.hk/, line 1590: TypeError: M.filter_mathjaxloader is undefined
1611675416513	Marionette	INFO	Stopped listening on port 63331

###!!! [Child][RunMessage] Error: Channel closing: too late to send/recv, messages will be lost

1611675596448	geckodriver	INFO	Listening on 127.0.0.1:63597
1611675599537	mozrunner::runner	INFO	Running command: "C:\\Program Files (x86)\\Mozilla Firefox\\firefox.exe" "--marionette" "-foreground" "-no-remote" "-profile" "C:\\Users\\user\\AppData\\Local\\Temp\\rust_mozprofilemme2s0"
Can't find symbol 'eglSwapBuffersWithDamageEXT'.
Can't find symbol 'eglSetDamageRegionKHR'.
JavaScript error: resource://gre/modules/XULStore.jsm, line 66: Error: Can't find profile directory.
console.warn: SearchSettings: "get: No settings file exists, new profile?" (new Error("", "(unknown module)"))
1611675601371	Marionette	INFO	Listening on port 63607
1611675601586	Marionette	WARN	TLS certificate errors will be ignored for this session
JavaScript error: , line 0: NotFoundError: No such JSWindowActor 'MarionetteEvents'
JavaScript error: https://moodle.cpce-polyu.edu.hk/, line 1396: TypeError: require is not a function
Marionette threw an error: NotFoundError: WindowGlobalParent.getActor: No such JSWindowActor 'MarionetteCommands'
getMarionetteCommandsActorProxy/get/<@chrome://marionette/content/actors/MarionetteCommandsParent.jsm:330:69
GeckoDriver.prototype.deleteSession@chrome://marionette/content/driver.js:3034:17
onClosed@chrome://marionette/content/server.js:196:17
close@chrome://marionette/content/transport.js:225:18
onInputStreamReady@chrome://marionette/content/transport.js:379:14

1611675622269	Marionette	INFO	Stopped listening on port 63607

###!!! [Child][RunMessage] Error: Channel closing: too late to send/recv, messages will be lost

1611675902226	geckodriver	INFO	Listening on 127.0.0.1:63748
1611675905289	mozrunner::runner	INFO	Running command: "C:\\Program Files (x86)\\Mozilla Firefox\\firefox.exe" "--marionette" "-foreground" "-no-remote" "-profile" "C:\\Users\\user\\AppData\\Local\\Temp\\rust_mozprofileHDKYOA"
Can't find symbol 'eglSwapBuffersWithDamageEXT'.
Can't find symbol 'eglSetDamageRegionKHR'.
JavaScript error: resource://gre/modules/XULStore.jsm, line 66: Error: Can't find profile directory.
console.warn: SearchSettings: "get: No settings file exists, new profile?" (new Error("", "(unknown module)"))
1611675907077	Marionette	INFO	Listening on port 63758
1611675907335	Marionette	WARN	TLS certificate errors will be ignored for this session
JavaScript error: , line 0: NotFoundError: No such JSWindowActor 'MarionetteEvents'
JavaScript error: https://moodle.cpce-polyu.edu.hk/, line 1590: TypeError: M.filter_mathjaxloader is undefined
1611675955289	Marionette	INFO	Stopped listening on port 63758
1611676264739	geckodriver	INFO	Listening on 127.0.0.1:64095
1611676267804	mozrunner::runner	INFO	Running command: "C:\\Program Files (x86)\\Mozilla Firefox\\firefox.exe" "--marionette" "-foreground" "-no-remote" "-profile" "C:\\Users\\user\\AppData\\Local\\Temp\\rust_mozprofileWGEETV"
Can't find symbol 'eglSwapBuffersWithDamageEXT'.
Can't find symbol 'eglSetDamageRegionKHR'.
JavaScript error: resource://gre/modules/XULStore.jsm, line 66: Error: Can't find profile directory.
console.warn: SearchSettings: "get: No settings file exists, new profile?" (new Error("", "(unknown module)"))
[Parent 25192, Gecko_IOThread] WARNING: file /builds/worker/checkouts/gecko/ipc/chromium/src/base/process_util_win.cc:166
1611676271632	Marionette	INFO	Listening on port 64103
1611676271999	Marionette	WARN	TLS certificate errors will be ignored for this session
JavaScript error: , line 0: NotFoundError: No such JSWindowActor 'MarionetteEvents'
JavaScript error: https://moodle.cpce-polyu.edu.hk/, line 1590: TypeError: M.filter_mathjaxloader is undefined
1611676319107	Marionette	INFO	Stopped listening on port 64103

###!!! [Child][RunMessage] Error: Channel closing: too late to send/recv, messages will be lost

